{"numTotalTestSuites":606,"numPassedTestSuites":606,"numFailedTestSuites":0,"numPendingTestSuites":0,"numTotalTests":1624,"numPassedTests":1620,"numFailedTests":0,"numPendingTests":4,"numTodoTests":0,"snapshot":{"added":0,"failure":false,"filesAdded":0,"filesRemoved":0,"filesRemovedList":[],"filesUnmatched":0,"filesUpdated":0,"matched":0,"total":0,"unchecked":0,"uncheckedKeysByFile":[],"unmatched":0,"updated":0,"didUpdate":false},"startTime":1771737122331,"success":true,"testResults":[{"assertionResults":[{"ancestorTitles":["AI Command Integration"],"fullName":"AI Command Integration full CREATE flow: raw input → validate → dispatch → verify state","status":"passed","title":"full CREATE flow: raw input → validate → dispatch → verify state","duration":7.6819000000000415,"failureMessages":[],"meta":{}},{"ancestorTitles":["AI Command Integration"],"fullName":"AI Command Integration full UPDATE flow: raw input → validate → dispatch → verify state","status":"passed","title":"full UPDATE flow: raw input → validate → dispatch → verify state","duration":1.166700000000219,"failureMessages":[],"meta":{}},{"ancestorTitles":["AI Command Integration"],"fullName":"AI Command Integration full DELETE flow: raw input → validate → dispatch → verify state","status":"passed","title":"full DELETE flow: raw input → validate → dispatch → verify state","duration":0.958299999999781,"failureMessages":[],"meta":{}},{"ancestorTitles":["AI Command Integration"],"fullName":"AI Command Integration rejects invalid command without touching repository","status":"passed","title":"rejects invalid command without touching repository","duration":1.6661999999996624,"failureMessages":[],"meta":{}},{"ancestorTitles":["AI Command Integration"],"fullName":"AI Command Integration batch commands: CREATE then UPDATE the created object","status":"passed","title":"batch commands: CREATE then UPDATE the created object","duration":1.5037999999999556,"failureMessages":[],"meta":{}},{"ancestorTitles":["AI Command Integration"],"fullName":"AI Command Integration versioned state includes correct version after mutations","status":"passed","title":"versioned state includes correct version after mutations","duration":1.3716999999996915,"failureMessages":[],"meta":{}}],"startTime":1771737145689,"endTime":1771737145703.3716,"status":"passed","message":"","name":"C:/Users/haber/repos/Gauntlet/gai-collab-board/tests/integration/aiCommandIntegration.test.ts"},{"assertionResults":[{"ancestorTitles":["Canvas Operations Integration Tests","Object Persistence - Sticky Notes"],"fullName":"Canvas Operations Integration Tests Object Persistence - Sticky Notes should persist sticky note after creation and return it with an ID","status":"passed","title":"should persist sticky note after creation and return it with an ID","duration":49.51240000000007,"failureMessages":[],"meta":{}},{"ancestorTitles":["Canvas Operations Integration Tests","Object Persistence - Sticky Notes"],"fullName":"Canvas Operations Integration Tests Object Persistence - Sticky Notes should persist sticky note with empty text for later editing","status":"passed","title":"should persist sticky note with empty text for later editing","duration":4.33159999999998,"failureMessages":[],"meta":{}},{"ancestorTitles":["Canvas Operations Integration Tests","Object Persistence - Sticky Notes"],"fullName":"Canvas Operations Integration Tests Object Persistence - Sticky Notes should allow updating sticky note text after creation","status":"passed","title":"should allow updating sticky note text after creation","duration":1.27350000000024,"failureMessages":[],"meta":{}},{"ancestorTitles":["Canvas Operations Integration Tests","Object Persistence - Shapes"],"fullName":"Canvas Operations Integration Tests Object Persistence - Shapes should persist rectangle shape after creation","status":"passed","title":"should persist rectangle shape after creation","duration":0.9039999999999964,"failureMessages":[],"meta":{}},{"ancestorTitles":["Canvas Operations Integration Tests","Object Persistence - Shapes"],"fullName":"Canvas Operations Integration Tests Object Persistence - Shapes should persist circle shape after creation","status":"passed","title":"should persist circle shape after creation","duration":0.7434000000002925,"failureMessages":[],"meta":{}},{"ancestorTitles":["Canvas Operations Integration Tests","Object Persistence - Shapes"],"fullName":"Canvas Operations Integration Tests Object Persistence - Shapes should persist line shape with points after creation","status":"passed","title":"should persist line shape with points after creation","duration":1.0061000000000604,"failureMessages":[],"meta":{}},{"ancestorTitles":["Canvas Operations Integration Tests","Object Persistence - Visibility on Board"],"fullName":"Canvas Operations Integration Tests Object Persistence - Visibility on Board should make created objects available via subscription","status":"passed","title":"should make created objects available via subscription","duration":2.077299999999923,"failureMessages":[],"meta":{}},{"ancestorTitles":["Canvas Operations Integration Tests","Object Persistence - Visibility on Board"],"fullName":"Canvas Operations Integration Tests Object Persistence - Visibility on Board should show multiple objects on board after creation","status":"passed","title":"should show multiple objects on board after creation","duration":1.327600000000075,"failureMessages":[],"meta":{}},{"ancestorTitles":["Canvas Operations Integration Tests","Object Persistence - Visibility on Board"],"fullName":"Canvas Operations Integration Tests Object Persistence - Visibility on Board should persist object movement and reflect in subscription","status":"passed","title":"should persist object movement and reflect in subscription","duration":1.4938999999999396,"failureMessages":[],"meta":{}},{"ancestorTitles":["Canvas Operations Integration Tests","Object Persistence - Real-time Sync"],"fullName":"Canvas Operations Integration Tests Object Persistence - Real-time Sync should sync created object to other users via subscription","status":"passed","title":"should sync created object to other users via subscription","duration":1.0387000000000626,"failureMessages":[],"meta":{}},{"ancestorTitles":["Canvas Operations Integration Tests","Object CRUD Operations"],"fullName":"Canvas Operations Integration Tests Object CRUD Operations should create objects with all required fields","status":"passed","title":"should create objects with all required fields","duration":0.7903999999998632,"failureMessages":[],"meta":{}},{"ancestorTitles":["Canvas Operations Integration Tests","Object CRUD Operations"],"fullName":"Canvas Operations Integration Tests Object CRUD Operations should create line objects with points field","status":"passed","title":"should create line objects with points field","duration":1.1307000000001608,"failureMessages":[],"meta":{}},{"ancestorTitles":["Canvas Operations Integration Tests","Object CRUD Operations"],"fullName":"Canvas Operations Integration Tests Object CRUD Operations should create connector objects with points field","status":"passed","title":"should create connector objects with points field","duration":0.6480000000001382,"failureMessages":[],"meta":{}},{"ancestorTitles":["Canvas Operations Integration Tests","Object CRUD Operations"],"fullName":"Canvas Operations Integration Tests Object CRUD Operations should create rectangle objects","status":"passed","title":"should create rectangle objects","duration":0.5864000000001397,"failureMessages":[],"meta":{}},{"ancestorTitles":["Canvas Operations Integration Tests","Object CRUD Operations"],"fullName":"Canvas Operations Integration Tests Object CRUD Operations should create circle objects","status":"passed","title":"should create circle objects","duration":0.5174000000001797,"failureMessages":[],"meta":{}},{"ancestorTitles":["Canvas Operations Integration Tests","Object CRUD Operations"],"fullName":"Canvas Operations Integration Tests Object CRUD Operations should create text objects with fontSize","status":"passed","title":"should create text objects with fontSize","duration":0.6068999999997686,"failureMessages":[],"meta":{}},{"ancestorTitles":["Canvas Operations Integration Tests","Object CRUD Operations"],"fullName":"Canvas Operations Integration Tests Object CRUD Operations should create frame objects","status":"passed","title":"should create frame objects","duration":0.5178999999998268,"failureMessages":[],"meta":{}},{"ancestorTitles":["Canvas Operations Integration Tests","Object CRUD Operations"],"fullName":"Canvas Operations Integration Tests Object CRUD Operations should update object position","status":"passed","title":"should update object position","duration":0.5234999999997854,"failureMessages":[],"meta":{}},{"ancestorTitles":["Canvas Operations Integration Tests","Object CRUD Operations"],"fullName":"Canvas Operations Integration Tests Object CRUD Operations should update object text content","status":"passed","title":"should update object text content","duration":0.4465999999997621,"failureMessages":[],"meta":{}},{"ancestorTitles":["Canvas Operations Integration Tests","Object CRUD Operations"],"fullName":"Canvas Operations Integration Tests Object CRUD Operations should update object dimensions","status":"passed","title":"should update object dimensions","duration":0.46860000000015134,"failureMessages":[],"meta":{}},{"ancestorTitles":["Canvas Operations Integration Tests","Object CRUD Operations"],"fullName":"Canvas Operations Integration Tests Object CRUD Operations should delete object","status":"passed","title":"should delete object","duration":0.38340000000016516,"failureMessages":[],"meta":{}},{"ancestorTitles":["Canvas Operations Integration Tests","Conflict Resolution"],"fullName":"Canvas Operations Integration Tests Conflict Resolution should resolve conflicts using last-write-wins","status":"passed","title":"should resolve conflicts using last-write-wins","duration":0.5821000000000822,"failureMessages":[],"meta":{}},{"ancestorTitles":["Canvas Operations Integration Tests","Conflict Resolution"],"fullName":"Canvas Operations Integration Tests Conflict Resolution should keep local when local is newer","status":"passed","title":"should keep local when local is newer","duration":0.39130000000022847,"failureMessages":[],"meta":{}},{"ancestorTitles":["Canvas Operations Integration Tests","Real-time Cursor Operations"],"fullName":"Canvas Operations Integration Tests Real-time Cursor Operations should update cursor position","status":"passed","title":"should update cursor position","duration":81.40029999999979,"failureMessages":[],"meta":{}},{"ancestorTitles":["Canvas Operations Integration Tests","Real-time Cursor Operations"],"fullName":"Canvas Operations Integration Tests Real-time Cursor Operations should remove cursor on disconnect","status":"passed","title":"should remove cursor on disconnect","duration":0.7466000000003987,"failureMessages":[],"meta":{}},{"ancestorTitles":["Canvas Operations Integration Tests","Real-time Presence Operations"],"fullName":"Canvas Operations Integration Tests Real-time Presence Operations should update presence status","status":"passed","title":"should update presence status","duration":0.996900000000096,"failureMessages":[],"meta":{}},{"ancestorTitles":["Canvas Operations Integration Tests","Real-time Presence Operations"],"fullName":"Canvas Operations Integration Tests Real-time Presence Operations should remove presence on leave","status":"passed","title":"should remove presence on leave","duration":0.6993000000002212,"failureMessages":[],"meta":{}},{"ancestorTitles":["Canvas Operations Integration Tests","User Color Assignment"],"fullName":"Canvas Operations Integration Tests User Color Assignment should generate consistent colors for same user","status":"passed","title":"should generate consistent colors for same user","duration":0.7965000000003783,"failureMessages":[],"meta":{}},{"ancestorTitles":["Canvas Operations Integration Tests","User Color Assignment"],"fullName":"Canvas Operations Integration Tests User Color Assignment should generate valid hex colors","status":"passed","title":"should generate valid hex colors","duration":0.6746999999995751,"failureMessages":[],"meta":{}},{"ancestorTitles":["Canvas Operations Integration Tests","Batch Operations"],"fullName":"Canvas Operations Integration Tests Batch Operations should handle multiple cursor updates simultaneously","status":"passed","title":"should handle multiple cursor updates simultaneously","duration":0.5810999999994237,"failureMessages":[],"meta":{}},{"ancestorTitles":["Canvas Operations Integration Tests","Batch Operations"],"fullName":"Canvas Operations Integration Tests Batch Operations should handle rapid position updates","status":"passed","title":"should handle rapid position updates","duration":0.7075999999997293,"failureMessages":[],"meta":{}},{"ancestorTitles":["Canvas Operations Integration Tests","Connection Status"],"fullName":"Canvas Operations Integration Tests Connection Status should subscribe to connection status","status":"passed","title":"should subscribe to connection status","duration":0.7469999999993888,"failureMessages":[],"meta":{}},{"ancestorTitles":["Viewport Operations"],"fullName":"Viewport Operations should clamp zoom within valid range","status":"passed","title":"should clamp zoom within valid range","duration":0.5672999999997046,"failureMessages":[],"meta":{}},{"ancestorTitles":["Viewport Operations"],"fullName":"Viewport Operations should calculate zoom center correctly","status":"passed","title":"should calculate zoom center correctly","duration":0.38510000000042055,"failureMessages":[],"meta":{}},{"ancestorTitles":["Selection Operations"],"fullName":"Selection Operations should calculate selection rectangle bounds","status":"passed","title":"should calculate selection rectangle bounds","duration":0.7388999999993757,"failureMessages":[],"meta":{}},{"ancestorTitles":["Selection Operations"],"fullName":"Selection Operations should detect object intersection with selection","status":"passed","title":"should detect object intersection with selection","duration":0.48369999999977153,"failureMessages":[],"meta":{}},{"ancestorTitles":["Selection Operations"],"fullName":"Selection Operations should make stage draggable only when pan tool is active","status":"passed","title":"should make stage draggable only when pan tool is active","duration":0.39060000000063155,"failureMessages":[],"meta":{}},{"ancestorTitles":["Selection Operations"],"fullName":"Selection Operations should return rect bounds for rectangular shapes","status":"passed","title":"should return rect bounds for rectangular shapes","duration":0.5315999999993437,"failureMessages":[],"meta":{}},{"ancestorTitles":["Selection Operations"],"fullName":"Selection Operations should return bounds from points for line and connector","status":"passed","title":"should return bounds from points for line and connector","duration":0.9042999999992389,"failureMessages":[],"meta":{}},{"ancestorTitles":["Selection Operations"],"fullName":"Selection Operations should include line/connector in marquee when selection rect intersects their bounds","status":"passed","title":"should include line/connector in marquee when selection rect intersects their bounds","duration":0.6947000000000116,"failureMessages":[],"meta":{}},{"ancestorTitles":["Click-to-Create Operations","Sticky Note Creation via Click"],"fullName":"Click-to-Create Operations Sticky Note Creation via Click should create sticky note with correct parameters when clicking with sticky tool","status":"passed","title":"should create sticky note with correct parameters when clicking with sticky tool","duration":0.9468999999999141,"failureMessages":[],"meta":{}},{"ancestorTitles":["Click-to-Create Operations","Sticky Note Creation via Click"],"fullName":"Click-to-Create Operations Sticky Note Creation via Click should create sticky note with different colors","status":"passed","title":"should create sticky note with different colors","duration":1.9189000000005763,"failureMessages":[],"meta":{}},{"ancestorTitles":["Click-to-Create Operations","Sticky Note Creation via Click"],"fullName":"Click-to-Create Operations Sticky Note Creation via Click should create sticky note at edge of canvas","status":"passed","title":"should create sticky note at edge of canvas","duration":0.5113999999994121,"failureMessages":[],"meta":{}},{"ancestorTitles":["Click-to-Create Operations","Text Element Creation via Click"],"fullName":"Click-to-Create Operations Text Element Creation via Click should create text element with correct parameters when clicking with text tool","status":"passed","title":"should create text element with correct parameters when clicking with text tool","duration":0.8985999999995329,"failureMessages":[],"meta":{}},{"ancestorTitles":["Click-to-Create Operations","Text Element Creation via Click"],"fullName":"Click-to-Create Operations Text Element Creation via Click should create text element with custom color when non-yellow color is active","status":"passed","title":"should create text element with custom color when non-yellow color is active","duration":0.39170000000012806,"failureMessages":[],"meta":{}},{"ancestorTitles":["Click-to-Create Operations","Empty Area Click Detection"],"fullName":"Click-to-Create Operations Empty Area Click Detection should correctly identify empty area clicks","status":"passed","title":"should correctly identify empty area clicks","duration":0.8369000000002416,"failureMessages":[],"meta":{}},{"ancestorTitles":["Click-to-Create Operations","Selection State Reset"],"fullName":"Click-to-Create Operations Selection State Reset should reset selection state after mouse up regardless of drawing state","status":"passed","title":"should reset selection state after mouse up regardless of drawing state","duration":0.6341000000002168,"failureMessages":[],"meta":{}},{"ancestorTitles":["Click-to-Create Operations","Single-Click Selection"],"fullName":"Click-to-Create Operations Single-Click Selection should detect clicks on shape parent nodes","status":"passed","title":"should detect clicks on shape parent nodes","duration":0.4099999999998545,"failureMessages":[],"meta":{}},{"ancestorTitles":["Click-to-Create Operations","Single-Click Selection"],"fullName":"Click-to-Create Operations Single-Click Selection should select object when clicking on child elements","status":"passed","title":"should select object when clicking on child elements","duration":0.545999999999367,"failureMessages":[],"meta":{}},{"ancestorTitles":["Click-to-Create Operations","Resize Functionality"],"fullName":"Click-to-Create Operations Resize Functionality should calculate new dimensions after resize","status":"passed","title":"should calculate new dimensions after resize","duration":0.5698999999995067,"failureMessages":[],"meta":{}},{"ancestorTitles":["Click-to-Create Operations","Resize Functionality"],"fullName":"Click-to-Create Operations Resize Functionality should handle resize with rotation","status":"passed","title":"should handle resize with rotation","duration":0.6054999999996653,"failureMessages":[],"meta":{}},{"ancestorTitles":["Click-to-Create Operations","Transform end per shape type"],"fullName":"Click-to-Create Operations Transform end per shape type should produce rect-like attrs for Rectangle (x, y, width, height, rotation)","status":"passed","title":"should produce rect-like attrs for Rectangle (x, y, width, height, rotation)","duration":0.4807999999993626,"failureMessages":[],"meta":{}},{"ancestorTitles":["Click-to-Create Operations","Transform end per shape type"],"fullName":"Click-to-Create Operations Transform end per shape type should produce rect-like attrs for Group (StickyNote) from getClientRect + scale","status":"passed","title":"should produce rect-like attrs for Group (StickyNote) from getClientRect + scale","duration":0.43360000000029686,"failureMessages":[],"meta":{}},{"ancestorTitles":["Click-to-Create Operations","Transform end per shape type"],"fullName":"Click-to-Create Operations Transform end per shape type should produce top-left and size for Ellipse (Oval) from center and radii","status":"passed","title":"should produce top-left and size for Ellipse (Oval) from center and radii","duration":0.5895000000000437,"failureMessages":[],"meta":{}},{"ancestorTitles":["Click-to-Create Operations","Transform end per shape type"],"fullName":"Click-to-Create Operations Transform end per shape type should produce points and position for Line (no width/height)","status":"passed","title":"should produce points and position for Line (no width/height)","duration":1.8800000000001091,"failureMessages":[],"meta":{}},{"ancestorTitles":["Click-to-Create Operations","Textarea Positioning"],"fullName":"Click-to-Create Operations Textarea Positioning should calculate textarea position accounting for stage pan offset","status":"passed","title":"should calculate textarea position accounting for stage pan offset","duration":0.8203999999996086,"failureMessages":[],"meta":{}},{"ancestorTitles":["Click-to-Create Operations","Textarea Positioning"],"fullName":"Click-to-Create Operations Textarea Positioning should position textarea correctly when canvas is panned","status":"passed","title":"should position textarea correctly when canvas is panned","duration":0.31120000000009895,"failureMessages":[],"meta":{}},{"ancestorTitles":["Click-to-Create Operations","Textarea Positioning"],"fullName":"Click-to-Create Operations Textarea Positioning should position textarea correctly when canvas is zoomed","status":"passed","title":"should position textarea correctly when canvas is zoomed","duration":0.2893999999996595,"failureMessages":[],"meta":{}}],"startTime":1771737132109,"endTime":1771737132288.3113,"status":"passed","message":"","name":"C:/Users/haber/repos/Gauntlet/gai-collab-board/tests/integration/canvas.test.ts"},{"assertionResults":[{"ancestorTitles":["Repository Sync Integration","Firestore snapshot → repository → state update flow"],"fullName":"Repository Sync Integration Firestore snapshot → repository → state update flow subscription callback receives initial snapshot through repo","status":"passed","title":"subscription callback receives initial snapshot through repo","duration":5.809099999999944,"failureMessages":[],"meta":{}},{"ancestorTitles":["Repository Sync Integration","Firestore snapshot → repository → state update flow"],"fullName":"Repository Sync Integration Firestore snapshot → repository → state update flow subscription receives incremental changes after initial snapshot","status":"passed","title":"subscription receives incremental changes after initial snapshot","duration":1.1490999999996347,"failureMessages":[],"meta":{}},{"ancestorTitles":["Repository Sync Integration","Write queue → repository integration"],"fullName":"Repository Sync Integration Write queue → repository integration queued writes flush through repository.updateObjectsBatch","status":"passed","title":"queued writes flush through repository.updateObjectsBatch","duration":7.041700000000219,"failureMessages":[],"meta":{}},{"ancestorTitles":["Repository Sync Integration","Write queue → repository integration"],"fullName":"Repository Sync Integration Write queue → repository integration immediate flush sends writes through repository","status":"passed","title":"immediate flush sends writes through repository","duration":0.783799999999701,"failureMessages":[],"meta":{}},{"ancestorTitles":["Repository Sync Integration","Multiple subscribers coexist"],"fullName":"Repository Sync Integration Multiple subscribers coexist supports multiple independent subscriptions","status":"passed","title":"supports multiple independent subscriptions","duration":0.49350000000004,"failureMessages":[],"meta":{}},{"ancestorTitles":["Repository Sync Integration","Create → subscribe round-trip"],"fullName":"Repository Sync Integration Create → subscribe round-trip created object appears in subscription","status":"passed","title":"created object appears in subscription","duration":4.031799999999748,"failureMessages":[],"meta":{}}],"startTime":1771737142721,"endTime":1771737142741.0317,"status":"passed","message":"","name":"C:/Users/haber/repos/Gauntlet/gai-collab-board/tests/integration/repositorySync.test.ts"},{"assertionResults":[{"ancestorTitles":["Sync Benchmark Integration Tests"],"fullName":"Sync Benchmark Integration Tests measures cursor sync write latency under 50ms target envelope","status":"passed","title":"measures cursor sync write latency under 50ms target envelope","duration":38.58339999999998,"failureMessages":[],"meta":{}},{"ancestorTitles":["Sync Benchmark Integration Tests"],"fullName":"Sync Benchmark Integration Tests measures object update sync write latency under 100ms target envelope","status":"passed","title":"measures object update sync write latency under 100ms target envelope","duration":27.78139999999985,"failureMessages":[],"meta":{}},{"ancestorTitles":["Sync Benchmark Integration Tests"],"fullName":"Sync Benchmark Integration Tests benchmarks 500-object batch creation throughput with single commit","status":"passed","title":"benchmarks 500-object batch creation throughput with single commit","duration":63.189400000000205,"failureMessages":[],"meta":{}},{"ancestorTitles":["Sync Benchmark Integration Tests"],"fullName":"Sync Benchmark Integration Tests enforces <500ms end-to-end propagation (STATE-IMPROVEMENT-PLAN success metric)","status":"passed","title":"enforces <500ms end-to-end propagation (STATE-IMPROVEMENT-PLAN success metric)","duration":36.289600000000064,"failureMessages":[],"meta":{}},{"ancestorTitles":["Sync Benchmark Integration Tests"],"fullName":"Sync Benchmark Integration Tests enforces 1000-element batch creation under 3s (STATE-IMPROVEMENT-PLAN success metric)","status":"passed","title":"enforces 1000-element batch creation under 3s (STATE-IMPROVEMENT-PLAN success metric)","duration":83.62149999999974,"failureMessages":[],"meta":{}}],"startTime":1771737132279,"endTime":1771737132529.6216,"status":"passed","message":"","name":"C:/Users/haber/repos/Gauntlet/gai-collab-board/tests/integration/sync.latency.test.ts"},{"assertionResults":[{"ancestorTitles":["Sync Integration Tests","Multi-user cursor synchronization"],"fullName":"Sync Integration Tests Multi-user cursor synchronization should broadcast cursor updates to all subscribers","status":"passed","title":"should broadcast cursor updates to all subscribers","duration":38.902700000000095,"failureMessages":[],"meta":{}},{"ancestorTitles":["Sync Integration Tests","Multi-user cursor synchronization"],"fullName":"Sync Integration Tests Multi-user cursor synchronization should handle multiple cursors simultaneously","status":"passed","title":"should handle multiple cursors simultaneously","duration":1.0883999999996377,"failureMessages":[],"meta":{}},{"ancestorTitles":["Sync Integration Tests","Multi-user presence synchronization"],"fullName":"Sync Integration Tests Multi-user presence synchronization should track user presence on a board","status":"passed","title":"should track user presence on a board","duration":2.22400000000016,"failureMessages":[],"meta":{}},{"ancestorTitles":["Sync Integration Tests","Object synchronization"],"fullName":"Sync Integration Tests Object synchronization should sync object creation across users","status":"passed","title":"should sync object creation across users","duration":4.861000000000331,"failureMessages":[],"meta":{}},{"ancestorTitles":["Sync Integration Tests","Object synchronization"],"fullName":"Sync Integration Tests Object synchronization should sync object updates across users","status":"passed","title":"should sync object updates across users","duration":0.9778000000001157,"failureMessages":[],"meta":{}},{"ancestorTitles":["Sync Integration Tests","Object synchronization"],"fullName":"Sync Integration Tests Object synchronization should sync object deletion across users","status":"passed","title":"should sync object deletion across users","duration":0.610700000000179,"failureMessages":[],"meta":{}},{"ancestorTitles":["Sync Integration Tests","Conflict resolution"],"fullName":"Sync Integration Tests Conflict resolution should resolve conflicts using last-write-wins","status":"passed","title":"should resolve conflicts using last-write-wins","duration":0.7779999999997926,"failureMessages":[],"meta":{}},{"ancestorTitles":["Sync Integration Tests","Rapid operations handling"],"fullName":"Sync Integration Tests Rapid operations handling should handle rapid cursor updates","status":"passed","title":"should handle rapid cursor updates","duration":0.7013000000001739,"failureMessages":[],"meta":{}},{"ancestorTitles":["Sync Integration Tests","Rapid operations handling"],"fullName":"Sync Integration Tests Rapid operations handling should handle rapid object updates","status":"passed","title":"should handle rapid object updates","duration":0.5560999999997875,"failureMessages":[],"meta":{}},{"ancestorTitles":["Sync Integration Tests","Connection state handling"],"fullName":"Sync Integration Tests Connection state handling should subscribe to connection status","status":"passed","title":"should subscribe to connection status","duration":0.60550000000012,"failureMessages":[],"meta":{}}],"startTime":1771737141629,"endTime":1771737141681.6055,"status":"passed","message":"","name":"C:/Users/haber/repos/Gauntlet/gai-collab-board/tests/integration/sync.test.ts"},{"assertionResults":[{"ancestorTitles":["getActiveBoardId"],"fullName":"getActiveBoardId returns first recent board id that user owns","status":"passed","title":"returns first recent board id that user owns","duration":1.6819000000000415,"failureMessages":[],"meta":{}},{"ancestorTitles":["getActiveBoardId"],"fullName":"getActiveBoardId returns first recent board id user is member of when none owned in recent","status":"passed","title":"returns first recent board id user is member of when none owned in recent","duration":0.29939999999987776,"failureMessages":[],"meta":{}},{"ancestorTitles":["getActiveBoardId"],"fullName":"getActiveBoardId returns first owned board when recent is empty","status":"passed","title":"returns first owned board when recent is empty","duration":0.2737999999999374,"failureMessages":[],"meta":{}},{"ancestorTitles":["getActiveBoardId"],"fullName":"getActiveBoardId returns null when user has no boards","status":"passed","title":"returns null when user has no boards","duration":0.24450000000024374,"failureMessages":[],"meta":{}},{"ancestorTitles":["getActiveBoardId"],"fullName":"getActiveBoardId returns null when user is only member (not owner) and recent ids do not match any board","status":"passed","title":"returns null when user is only member (not owner) and recent ids do not match any board","duration":0.2033000000001266,"failureMessages":[],"meta":{}},{"ancestorTitles":["getActiveBoardId"],"fullName":"getActiveBoardId skips recent ids that are not in boards list","status":"passed","title":"skips recent ids that are not in boards list","duration":0.1835000000000946,"failureMessages":[],"meta":{}}],"startTime":1771737153321,"endTime":1771737153324.2737,"status":"passed","message":"","name":"C:/Users/haber/repos/Gauntlet/gai-collab-board/tests/unit/activeBoard.test.ts"},{"assertionResults":[{"ancestorTitles":["getProxyBaseURLFromEnv"],"fullName":"getProxyBaseURLFromEnv uses VITE_AI_PROXY_URL when set (full URL)","status":"passed","title":"uses VITE_AI_PROXY_URL when set (full URL)","duration":2.654099999999744,"failureMessages":[],"meta":{}},{"ancestorTitles":["getProxyBaseURLFromEnv"],"fullName":"getProxyBaseURLFromEnv ignores origin when VITE_AI_PROXY_URL is set","status":"passed","title":"ignores origin when VITE_AI_PROXY_URL is set","duration":0.4780000000000655,"failureMessages":[],"meta":{}},{"ancestorTitles":["getProxyBaseURLFromEnv"],"fullName":"getProxyBaseURLFromEnv uses origin + VITE_AI_PROXY_PATH in production when path is set","status":"passed","title":"uses origin + VITE_AI_PROXY_PATH in production when path is set","duration":0.404700000000048,"failureMessages":[],"meta":{}},{"ancestorTitles":["getProxyBaseURLFromEnv"],"fullName":"getProxyBaseURLFromEnv uses origin + default prod path when no URL/path env in production","status":"passed","title":"uses origin + default prod path when no URL/path env in production","duration":0.38350000000036744,"failureMessages":[],"meta":{}},{"ancestorTitles":["getProxyBaseURLFromEnv"],"fullName":"getProxyBaseURLFromEnv uses dev path when DEV is true","status":"passed","title":"uses dev path when DEV is true","duration":0.3328999999998814,"failureMessages":[],"meta":{}},{"ancestorTitles":["getProxyBaseURLFromEnv"],"fullName":"getProxyBaseURLFromEnv ignores VITE_AI_PROXY_URL in dev to avoid CORS (always same-origin)","status":"passed","title":"ignores VITE_AI_PROXY_URL in dev to avoid CORS (always same-origin)","duration":0.3499000000001615,"failureMessages":[],"meta":{}},{"ancestorTitles":["getProxyBaseURLFromEnv"],"fullName":"getProxyBaseURLFromEnv returns path only when no origin (e.g. SSR)","status":"passed","title":"returns path only when no origin (e.g. SSR)","duration":0.38400000000001455,"failureMessages":[],"meta":{}},{"ancestorTitles":["getProxyBaseURLFromEnv"],"fullName":"getProxyBaseURLFromEnv trims whitespace from VITE_AI_PROXY_URL and VITE_AI_PROXY_PATH","status":"passed","title":"trims whitespace from VITE_AI_PROXY_URL and VITE_AI_PROXY_PATH","duration":0.4376999999999498,"failureMessages":[],"meta":{}}],"startTime":1771737152107,"endTime":1771737152112.4377,"status":"passed","message":"","name":"C:/Users/haber/repos/Gauntlet/gai-collab-board/tests/unit/ai.test.ts"},{"assertionResults":[{"ancestorTitles":["AI Board Agent – Command Test Suite","Creation Commands"],"fullName":"AI Board Agent – Command Test Suite Creation Commands creates a yellow sticky note with specified text","status":"passed","title":"creates a yellow sticky note with specified text","duration":11.145899999999983,"failureMessages":[],"meta":{}},{"ancestorTitles":["AI Board Agent – Command Test Suite","Creation Commands"],"fullName":"AI Board Agent – Command Test Suite Creation Commands creates a blue rectangle at a specific position","status":"passed","title":"creates a blue rectangle at a specific position","duration":1.590099999999893,"failureMessages":[],"meta":{}},{"ancestorTitles":["AI Board Agent – Command Test Suite","Creation Commands"],"fullName":"AI Board Agent – Command Test Suite Creation Commands creates a frame with a title","status":"passed","title":"creates a frame with a title","duration":1.06899999999996,"failureMessages":[],"meta":{}},{"ancestorTitles":["AI Board Agent – Command Test Suite","Creation Commands"],"fullName":"AI Board Agent – Command Test Suite Creation Commands creates a circle shape","status":"passed","title":"creates a circle shape","duration":0.9286999999999352,"failureMessages":[],"meta":{}},{"ancestorTitles":["AI Board Agent – Command Test Suite","Creation Commands"],"fullName":"AI Board Agent – Command Test Suite Creation Commands creates a standalone text element","status":"passed","title":"creates a standalone text element","duration":0.9470999999998639,"failureMessages":[],"meta":{}},{"ancestorTitles":["AI Board Agent – Command Test Suite","Creation Commands"],"fullName":"AI Board Agent – Command Test Suite Creation Commands creates a connector between two existing objects","status":"passed","title":"creates a connector between two existing objects","duration":1.1675000000000182,"failureMessages":[],"meta":{}},{"ancestorTitles":["AI Board Agent – Command Test Suite","Creation Commands"],"fullName":"AI Board Agent – Command Test Suite Creation Commands throws when connector target does not exist","status":"passed","title":"throws when connector target does not exist","duration":3.179399999999987,"failureMessages":[],"meta":{}},{"ancestorTitles":["AI Board Agent – Command Test Suite","Creation Commands"],"fullName":"AI Board Agent – Command Test Suite Creation Commands resolves named colors (pink, green, purple, orange) to hex","status":"passed","title":"resolves named colors (pink, green, purple, orange) to hex","duration":1.804200000000037,"failureMessages":[],"meta":{}},{"ancestorTitles":["AI Board Agent – Command Test Suite","Manipulation Commands"],"fullName":"AI Board Agent – Command Test Suite Manipulation Commands finds objects by color then moves them","status":"passed","title":"finds objects by color then moves them","duration":1.7121999999999389,"failureMessages":[],"meta":{}},{"ancestorTitles":["AI Board Agent – Command Test Suite","Manipulation Commands"],"fullName":"AI Board Agent – Command Test Suite Manipulation Commands resizes an object to specified dimensions","status":"passed","title":"resizes an object to specified dimensions","duration":0.8597999999997228,"failureMessages":[],"meta":{}},{"ancestorTitles":["AI Board Agent – Command Test Suite","Manipulation Commands"],"fullName":"AI Board Agent – Command Test Suite Manipulation Commands changes an object color","status":"passed","title":"changes an object color","duration":0.657799999999952,"failureMessages":[],"meta":{}},{"ancestorTitles":["AI Board Agent – Command Test Suite","Manipulation Commands"],"fullName":"AI Board Agent – Command Test Suite Manipulation Commands updates text content of an object","status":"passed","title":"updates text content of an object","duration":0.5599000000001979,"failureMessages":[],"meta":{}},{"ancestorTitles":["AI Board Agent – Command Test Suite","Manipulation Commands"],"fullName":"AI Board Agent – Command Test Suite Manipulation Commands sets font size within valid range","status":"passed","title":"sets font size within valid range","duration":0.46289999999999054,"failureMessages":[],"meta":{}},{"ancestorTitles":["AI Board Agent – Command Test Suite","Manipulation Commands"],"fullName":"AI Board Agent – Command Test Suite Manipulation Commands rejects font size outside 8-72 range","status":"passed","title":"rejects font size outside 8-72 range","duration":0.6406999999999243,"failureMessages":[],"meta":{}},{"ancestorTitles":["AI Board Agent – Command Test Suite","Manipulation Commands"],"fullName":"AI Board Agent – Command Test Suite Manipulation Commands sets font color on sticky note (textFill)","status":"passed","title":"sets font color on sticky note (textFill)","duration":0.5685999999996056,"failureMessages":[],"meta":{}},{"ancestorTitles":["AI Board Agent – Command Test Suite","Manipulation Commands"],"fullName":"AI Board Agent – Command Test Suite Manipulation Commands sets font color on text element (fill)","status":"passed","title":"sets font color on text element (fill)","duration":0.5063000000000102,"failureMessages":[],"meta":{}},{"ancestorTitles":["AI Board Agent – Command Test Suite","Manipulation Commands"],"fullName":"AI Board Agent – Command Test Suite Manipulation Commands rejects font color on unsupported type (rectangle)","status":"passed","title":"rejects font color on unsupported type (rectangle)","duration":0.38380000000006476,"failureMessages":[],"meta":{}},{"ancestorTitles":["AI Board Agent – Command Test Suite","Manipulation Commands"],"fullName":"AI Board Agent – Command Test Suite Manipulation Commands sets stroke color","status":"passed","title":"sets stroke color","duration":0.43069999999988795,"failureMessages":[],"meta":{}},{"ancestorTitles":["AI Board Agent – Command Test Suite","Manipulation Commands"],"fullName":"AI Board Agent – Command Test Suite Manipulation Commands sets stroke width and rejects negative values","status":"passed","title":"sets stroke width and rejects negative values","duration":0.37010000000009313,"failureMessages":[],"meta":{}},{"ancestorTitles":["AI Board Agent – Command Test Suite","Manipulation Commands"],"fullName":"AI Board Agent – Command Test Suite Manipulation Commands sets opacity and rejects out-of-range values","status":"passed","title":"sets opacity and rejects out-of-range values","duration":0.4560999999998785,"failureMessages":[],"meta":{}},{"ancestorTitles":["AI Board Agent – Command Test Suite","Manipulation Commands"],"fullName":"AI Board Agent – Command Test Suite Manipulation Commands deletes an object","status":"passed","title":"deletes an object","duration":0.27799999999979264,"failureMessages":[],"meta":{}},{"ancestorTitles":["AI Board Agent – Command Test Suite","Layout Commands"],"fullName":"AI Board Agent – Command Test Suite Layout Commands arranges objects in a grid layout","status":"passed","title":"arranges objects in a grid layout","duration":0.936200000000099,"failureMessages":[],"meta":{}},{"ancestorTitles":["AI Board Agent – Command Test Suite","Layout Commands"],"fullName":"AI Board Agent – Command Test Suite Layout Commands creates 6 sticky notes and arranges them in a 2x3 grid","status":"passed","title":"creates 6 sticky notes and arranges them in a 2x3 grid","duration":0.8443999999999505,"failureMessages":[],"meta":{}},{"ancestorTitles":["AI Board Agent – Command Test Suite","Layout Commands"],"fullName":"AI Board Agent – Command Test Suite Layout Commands distributes objects evenly (horizontal)","status":"passed","title":"distributes objects evenly (horizontal)","duration":0.7685999999998785,"failureMessages":[],"meta":{}},{"ancestorTitles":["AI Board Agent – Command Test Suite","Layout Commands"],"fullName":"AI Board Agent – Command Test Suite Layout Commands rejects distribute with fewer than 3 objects","status":"passed","title":"rejects distribute with fewer than 3 objects","duration":0.33650000000034197,"failureMessages":[],"meta":{}},{"ancestorTitles":["AI Board Agent – Command Test Suite","Layout Commands"],"fullName":"AI Board Agent – Command Test Suite Layout Commands aligns objects to the left","status":"passed","title":"aligns objects to the left","duration":0.9938999999999396,"failureMessages":[],"meta":{}},{"ancestorTitles":["AI Board Agent – Command Test Suite","Layout Commands"],"fullName":"AI Board Agent – Command Test Suite Layout Commands returns failure when aligning non-existent objects","status":"passed","title":"returns failure when aligning non-existent objects","duration":0.2923000000000684,"failureMessages":[],"meta":{}},{"ancestorTitles":["AI Board Agent – Command Test Suite","Layout Commands"],"fullName":"AI Board Agent – Command Test Suite Layout Commands distributes objects evenly (vertical)","status":"passed","title":"distributes objects evenly (vertical)","duration":0.505500000000211,"failureMessages":[],"meta":{}},{"ancestorTitles":["AI Board Agent – Command Test Suite","Complex Commands"],"fullName":"AI Board Agent – Command Test Suite Complex Commands creates a SWOT analysis: 4 frames in a 2x2 grid","status":"passed","title":"creates a SWOT analysis: 4 frames in a 2x2 grid","duration":1.2024000000001251,"failureMessages":[],"meta":{}},{"ancestorTitles":["AI Board Agent – Command Test Suite","Complex Commands"],"fullName":"AI Board Agent – Command Test Suite Complex Commands creates a user journey map: 5 frames with connectors","status":"passed","title":"creates a user journey map: 5 frames with connectors","duration":1.0758999999998196,"failureMessages":[],"meta":{}},{"ancestorTitles":["AI Board Agent – Command Test Suite","Complex Commands"],"fullName":"AI Board Agent – Command Test Suite Complex Commands creates a retrospective template: 3 frames + header sticky notes","status":"passed","title":"creates a retrospective template: 3 frames + header sticky notes","duration":0.7608000000000175,"failureMessages":[],"meta":{}},{"ancestorTitles":["AI Board Agent – Command Test Suite","Query & State Commands"],"fullName":"AI Board Agent – Command Test Suite Query & State Commands returns board state with object count","status":"passed","title":"returns board state with object count","duration":0.6961999999998625,"failureMessages":[],"meta":{}},{"ancestorTitles":["AI Board Agent – Command Test Suite","Query & State Commands"],"fullName":"AI Board Agent – Command Test Suite Query & State Commands finds objects by type","status":"passed","title":"finds objects by type","duration":0.29349999999976717,"failureMessages":[],"meta":{}},{"ancestorTitles":["AI Board Agent – Command Test Suite","Query & State Commands"],"fullName":"AI Board Agent – Command Test Suite Query & State Commands finds objects by text content","status":"passed","title":"finds objects by text content","duration":0.39620000000013533,"failureMessages":[],"meta":{}},{"ancestorTitles":["AI Board Agent – Command Test Suite","Query & State Commands"],"fullName":"AI Board Agent – Command Test Suite Query & State Commands finds objects by color","status":"passed","title":"finds objects by color","duration":0.3186000000000604,"failureMessages":[],"meta":{}},{"ancestorTitles":["AI Board Agent – Command Test Suite","Viewport & Export Commands"],"fullName":"AI Board Agent – Command Test Suite Viewport & Export Commands zoom to fit all objects","status":"passed","title":"zoom to fit all objects","duration":0.5145999999999731,"failureMessages":[],"meta":{}},{"ancestorTitles":["AI Board Agent – Command Test Suite","Viewport & Export Commands"],"fullName":"AI Board Agent – Command Test Suite Viewport & Export Commands zoom to selection","status":"passed","title":"zoom to selection","duration":0.4430999999999585,"failureMessages":[],"meta":{}},{"ancestorTitles":["AI Board Agent – Command Test Suite","Viewport & Export Commands"],"fullName":"AI Board Agent – Command Test Suite Viewport & Export Commands rejects zoom to empty selection","status":"passed","title":"rejects zoom to empty selection","duration":0.2238999999999578,"failureMessages":[],"meta":{}},{"ancestorTitles":["AI Board Agent – Command Test Suite","Viewport & Export Commands"],"fullName":"AI Board Agent – Command Test Suite Viewport & Export Commands sets zoom level to allowed values","status":"passed","title":"sets zoom level to allowed values","duration":0.4544999999998254,"failureMessages":[],"meta":{}},{"ancestorTitles":["AI Board Agent – Command Test Suite","Viewport & Export Commands"],"fullName":"AI Board Agent – Command Test Suite Viewport & Export Commands rejects invalid zoom level","status":"passed","title":"rejects invalid zoom level","duration":0.259900000000016,"failureMessages":[],"meta":{}},{"ancestorTitles":["AI Board Agent – Command Test Suite","Viewport & Export Commands"],"fullName":"AI Board Agent – Command Test Suite Viewport & Export Commands exports viewport as PNG","status":"passed","title":"exports viewport as PNG","duration":0.3668999999999869,"failureMessages":[],"meta":{}},{"ancestorTitles":["AI Board Agent – Command Test Suite","Viewport & Export Commands"],"fullName":"AI Board Agent – Command Test Suite Viewport & Export Commands exports full board as JPEG","status":"passed","title":"exports full board as JPEG","duration":0.3546999999998661,"failureMessages":[],"meta":{}},{"ancestorTitles":["AI Board Agent – Command Test Suite","Viewport & Export Commands"],"fullName":"AI Board Agent – Command Test Suite Viewport & Export Commands rejects invalid export scope","status":"passed","title":"rejects invalid export scope","duration":0.2717999999999847,"failureMessages":[],"meta":{}},{"ancestorTitles":["AI Board Agent – Command Test Suite","Board Management Commands"],"fullName":"AI Board Agent – Command Test Suite Board Management Commands retrieves recent boards","status":"passed","title":"retrieves recent boards","duration":0.6093000000000757,"failureMessages":[],"meta":{}},{"ancestorTitles":["AI Board Agent – Command Test Suite","Board Management Commands"],"fullName":"AI Board Agent – Command Test Suite Board Management Commands retrieves favorite boards","status":"passed","title":"retrieves favorite boards","duration":0.4557999999997264,"failureMessages":[],"meta":{}},{"ancestorTitles":["AI Board Agent – Command Test Suite","Board Management Commands"],"fullName":"AI Board Agent – Command Test Suite Board Management Commands toggles board favorite on","status":"passed","title":"toggles board favorite on","duration":0.3383000000003449,"failureMessages":[],"meta":{}},{"ancestorTitles":["AI Board Agent – Command Test Suite","Board Management Commands"],"fullName":"AI Board Agent – Command Test Suite Board Management Commands rejects toggle favorite without boardId","status":"passed","title":"rejects toggle favorite without boardId","duration":0.23630000000002838,"failureMessages":[],"meta":{}},{"ancestorTitles":["AI Board Agent – Command Test Suite","Edge Cases & Error Handling"],"fullName":"AI Board Agent – Command Test Suite Edge Cases & Error Handling returns failure for unknown tool name","status":"passed","title":"returns failure for unknown tool name","duration":0.29009999999971114,"failureMessages":[],"meta":{}},{"ancestorTitles":["AI Board Agent – Command Test Suite","Edge Cases & Error Handling"],"fullName":"AI Board Agent – Command Test Suite Edge Cases & Error Handling handles createStickyNote with only required fields (no color)","status":"passed","title":"handles createStickyNote with only required fields (no color)","duration":0.41540000000031796,"failureMessages":[],"meta":{}},{"ancestorTitles":["AI Board Agent – Command Test Suite","Edge Cases & Error Handling"],"fullName":"AI Board Agent – Command Test Suite Edge Cases & Error Handling clamps font size and opacity on createStickyNote","status":"passed","title":"clamps font size and opacity on createStickyNote","duration":0.463799999999992,"failureMessages":[],"meta":{}},{"ancestorTitles":["AI Board Agent – Command Test Suite","Edge Cases & Error Handling"],"fullName":"AI Board Agent – Command Test Suite Edge Cases & Error Handling creates a line shape with computed points","status":"passed","title":"creates a line shape with computed points","duration":1.1059000000000196,"failureMessages":[],"meta":{}},{"ancestorTitles":["AI Board Agent – Command Test Suite","Edge Cases & Error Handling"],"fullName":"AI Board Agent – Command Test Suite Edge Cases & Error Handling frame defaults to 300x200 when no width/height given","status":"passed","title":"frame defaults to 300x200 when no width/height given","duration":0.44509999999991123,"failureMessages":[],"meta":{}},{"ancestorTitles":["AI Board Agent – Command Test Suite","Edge Cases & Error Handling"],"fullName":"AI Board Agent – Command Test Suite Edge Cases & Error Handling grid arrangeInGrid uses default spacing and start position","status":"passed","title":"grid arrangeInGrid uses default spacing and start position","duration":0.5424000000002707,"failureMessages":[],"meta":{}},{"ancestorTitles":["AI Board Agent – Command Test Suite","Edge Cases & Error Handling"],"fullName":"AI Board Agent – Command Test Suite Edge Cases & Error Handling exportBoardAsImage defaults format to png","status":"passed","title":"exportBoardAsImage defaults format to png","duration":0.3472999999999047,"failureMessages":[],"meta":{}},{"ancestorTitles":["AI Board Agent – Command Test Suite","Edge Cases & Error Handling"],"fullName":"AI Board Agent – Command Test Suite Edge Cases & Error Handling viewport commands return stub when callbacks not provided","status":"passed","title":"viewport commands return stub when callbacks not provided","duration":0.38000000000010914,"failureMessages":[],"meta":{}}],"startTime":1771737140094,"endTime":1771737140143.38,"status":"passed","message":"","name":"C:/Users/haber/repos/Gauntlet/gai-collab-board/tests/unit/aiAgent.commands.test.ts"},{"assertionResults":[{"ancestorTitles":["AIChatPanel AI Commands"],"fullName":"AIChatPanel AI Commands renders \"Explain Board\" button","status":"passed","title":"renders \"Explain Board\" button","duration":160.09190000000035,"failureMessages":[],"meta":{}},{"ancestorTitles":["AIChatPanel AI Commands"],"fullName":"AIChatPanel AI Commands disables \"Explain Board\" when board has no objects","status":"passed","title":"disables \"Explain Board\" when board has no objects","duration":11.624500000000808,"failureMessages":[],"meta":{}},{"ancestorTitles":["AIChatPanel AI Commands"],"fullName":"AIChatPanel AI Commands enables \"Explain Board\" when board has objects","status":"passed","title":"enables \"Explain Board\" when board has objects","duration":11.499300000000403,"failureMessages":[],"meta":{}},{"ancestorTitles":["AIChatPanel AI Commands"],"fullName":"AIChatPanel AI Commands calls onSend with explain prompt when clicked","status":"passed","title":"calls onSend with explain prompt when clicked","duration":15.750500000000102,"failureMessages":[],"meta":{}},{"ancestorTitles":["AIChatPanel AI Commands"],"fullName":"AIChatPanel AI Commands disables \"Explain Board\" when loading","status":"passed","title":"disables \"Explain Board\" when loading","duration":10.453500000000531,"failureMessages":[],"meta":{}},{"ancestorTitles":["AIChatPanel AI Commands"],"fullName":"AIChatPanel AI Commands renders \"Summarize Selection\" button","status":"passed","title":"renders \"Summarize Selection\" button","duration":8.091999999999643,"failureMessages":[],"meta":{}},{"ancestorTitles":["AIChatPanel AI Commands"],"fullName":"AIChatPanel AI Commands disables \"Summarize Selection\" when no selection","status":"passed","title":"disables \"Summarize Selection\" when no selection","duration":8.970699999999852,"failureMessages":[],"meta":{}},{"ancestorTitles":["AIChatPanel AI Commands"],"fullName":"AIChatPanel AI Commands enables \"Summarize Selection\" when objects are selected","status":"passed","title":"enables \"Summarize Selection\" when objects are selected","duration":9.999299999999494,"failureMessages":[],"meta":{}},{"ancestorTitles":["AIChatPanel AI Commands"],"fullName":"AIChatPanel AI Commands calls onSend with summarize prompt including selection count","status":"passed","title":"calls onSend with summarize prompt including selection count","duration":9.043700000000172,"failureMessages":[],"meta":{}},{"ancestorTitles":["AIChatPanel AI Commands"],"fullName":"AIChatPanel AI Commands disables \"Summarize Selection\" when loading","status":"passed","title":"disables \"Summarize Selection\" when loading","duration":10.561899999999696,"failureMessages":[],"meta":{}},{"ancestorTitles":["AIChatPanel AI Commands"],"fullName":"AIChatPanel AI Commands submits when Enter is pressed in the chat input","status":"passed","title":"submits when Enter is pressed in the chat input","duration":34.40350000000035,"failureMessages":[],"meta":{}},{"ancestorTitles":["AIChatPanel AI Commands"],"fullName":"AIChatPanel AI Commands does not submit when Shift+Enter is pressed in the chat input","status":"passed","title":"does not submit when Shift+Enter is pressed in the chat input","duration":12.65689999999995,"failureMessages":[],"meta":{}}],"startTime":1771737128930,"endTime":1771737129233.657,"status":"passed","message":"","name":"C:/Users/haber/repos/Gauntlet/gai-collab-board/tests/unit/AIChatPanel.aiCommands.test.tsx"},{"assertionResults":[{"ancestorTitles":["normalizeAIErrorMessage"],"fullName":"normalizeAIErrorMessage returns quota guidance for 429 status","status":"passed","title":"returns quota guidance for 429 status","duration":3.693199999999706,"failureMessages":[],"meta":{}},{"ancestorTitles":["normalizeAIErrorMessage"],"fullName":"normalizeAIErrorMessage returns quota guidance when message contains quota exceeded","status":"passed","title":"returns quota guidance when message contains quota exceeded","duration":0.748700000000099,"failureMessages":[],"meta":{}},{"ancestorTitles":["normalizeAIErrorMessage"],"fullName":"normalizeAIErrorMessage returns proxy 404 guidance for 404 status","status":"passed","title":"returns proxy 404 guidance for 404 status","duration":1.1075999999998203,"failureMessages":[],"meta":{}},{"ancestorTitles":["normalizeAIErrorMessage"],"fullName":"normalizeAIErrorMessage returns auth guidance for 401 status","status":"passed","title":"returns auth guidance for 401 status","duration":1.3638999999998305,"failureMessages":[],"meta":{}},{"ancestorTitles":["normalizeAIErrorMessage"],"fullName":"normalizeAIErrorMessage returns auth guidance for 403 status","status":"passed","title":"returns auth guidance for 403 status","duration":1.9946999999997388,"failureMessages":[],"meta":{}},{"ancestorTitles":["normalizeAIErrorMessage"],"fullName":"normalizeAIErrorMessage returns unavailable guidance for 5xx status","status":"passed","title":"returns unavailable guidance for 5xx status","duration":2.1756000000000313,"failureMessages":[],"meta":{}},{"ancestorTitles":["normalizeAIErrorMessage"],"fullName":"normalizeAIErrorMessage returns network guidance for timeout-like message","status":"passed","title":"returns network guidance for timeout-like message","duration":1.3847999999998137,"failureMessages":[],"meta":{}},{"ancestorTitles":["normalizeAIErrorMessage"],"fullName":"normalizeAIErrorMessage returns network guidance for AbortError","status":"passed","title":"returns network guidance for AbortError","duration":2.102100000000064,"failureMessages":[],"meta":{}},{"ancestorTitles":["normalizeAIErrorMessage"],"fullName":"normalizeAIErrorMessage returns raw message when no classification matches","status":"passed","title":"returns raw message when no classification matches","duration":1.0255999999999403,"failureMessages":[],"meta":{}},{"ancestorTitles":["normalizeAIErrorMessage"],"fullName":"normalizeAIErrorMessage returns generic fallback for empty message","status":"passed","title":"returns generic fallback for empty message","duration":0.6691000000000713,"failureMessages":[],"meta":{}},{"ancestorTitles":["normalizeAIErrorMessage"],"fullName":"normalizeAIErrorMessage returns generic fallback for non-Error value","status":"passed","title":"returns generic fallback for non-Error value","duration":0.3855999999996129,"failureMessages":[],"meta":{}}],"startTime":1771737149925,"endTime":1771737149943.3855,"status":"passed","message":"","name":"C:/Users/haber/repos/Gauntlet/gai-collab-board/tests/unit/aiErrors.test.ts"},{"assertionResults":[{"ancestorTitles":["server ai-proxy-config getProviderAndKey"],"fullName":"server ai-proxy-config getProviderAndKey returns null when no AI API key is set","status":"passed","title":"returns null when no AI API key is set","duration":3.2672999999999774,"failureMessages":[],"meta":{}},{"ancestorTitles":["server ai-proxy-config getProviderAndKey"],"fullName":"server ai-proxy-config getProviderAndKey returns config when VITE_AI_API_KEY is set (agnostic key)","status":"passed","title":"returns config when VITE_AI_API_KEY is set (agnostic key)","duration":1.8942999999999302,"failureMessages":[],"meta":{}},{"ancestorTitles":["server ai-proxy-config getProviderAndKey"],"fullName":"server ai-proxy-config getProviderAndKey returns config with Gemini base URL when VITE_GEMINI_API_KEY is set","status":"passed","title":"returns config with Gemini base URL when VITE_GEMINI_API_KEY is set","duration":1.5518999999999323,"failureMessages":[],"meta":{}},{"ancestorTitles":["server ai-proxy-config getProviderAndKey"],"fullName":"server ai-proxy-config getProviderAndKey returns config with Groq base URL when GROQ_API_KEY is set and provider is groq","status":"passed","title":"returns config with Groq base URL when GROQ_API_KEY is set and provider is groq","duration":1.4940000000001419,"failureMessages":[],"meta":{}},{"ancestorTitles":["server ai-proxy-config getProviderAndKey"],"fullName":"server ai-proxy-config getProviderAndKey returns config when VITE_AI_API_KEY is set and provider is groq","status":"passed","title":"returns config when VITE_AI_API_KEY is set and provider is groq","duration":1.287499999999909,"failureMessages":[],"meta":{}}],"startTime":1771737149013,"endTime":1771737149022.2876,"status":"passed","message":"","name":"C:/Users/haber/repos/Gauntlet/gai-collab-board/tests/unit/aiProxyConfig.test.ts"},{"assertionResults":[{"ancestorTitles":["AIService"],"fullName":"AIService returns assistant content when no tool calls","status":"passed","title":"returns assistant content when no tool calls","duration":7.7509000000000015,"failureMessages":[],"meta":{}},{"ancestorTitles":["AIService"],"fullName":"AIService calls onToolExecute for each tool call and returns follow-up content","status":"passed","title":"calls onToolExecute for each tool call and returns follow-up content","duration":7.4703000000008615,"failureMessages":[],"meta":{}},{"ancestorTitles":["AIService"],"fullName":"AIService pushes tool error into result and continues","status":"passed","title":"pushes tool error into result and continues","duration":2.5949000000000524,"failureMessages":[],"meta":{}},{"ancestorTitles":["AIService"],"fullName":"AIService throws AIError when response has no choices (malformed/unexpected response)","status":"passed","title":"throws AIError when response has no choices (malformed/unexpected response)","duration":2.2778999999991356,"failureMessages":[],"meta":{}},{"ancestorTitles":["AIService"],"fullName":"AIService throws AIError when response.choices is empty array","status":"passed","title":"throws AIError when response.choices is empty array","duration":5.460099999999329,"failureMessages":[],"meta":{}},{"ancestorTitles":["AIService"],"fullName":"AIService returns safe fallback when follow-up response has no choices (no TypeError)","status":"passed","title":"returns safe fallback when follow-up response has no choices (no TypeError)","duration":1.3200999999999112,"failureMessages":[],"meta":{}},{"ancestorTitles":["AIService"],"fullName":"AIService executes multiple tool calls in a single response","status":"passed","title":"executes multiple tool calls in a single response","duration":0.6077000000004773,"failureMessages":[],"meta":{}},{"ancestorTitles":["AIService"],"fullName":"AIService throws when tool call has invalid JSON arguments","status":"passed","title":"throws when tool call has invalid JSON arguments","duration":0.6994000000004235,"failureMessages":[],"meta":{}},{"ancestorTitles":["AIService"],"fullName":"AIService returns fallback when assistant content is null and no tool calls","status":"passed","title":"returns fallback when assistant content is null and no tool calls","duration":0.509900000000016,"failureMessages":[],"meta":{}},{"ancestorTitles":["AIService"],"fullName":"AIService returns fallback when tool_calls is empty in handleToolCalls","status":"passed","title":"returns fallback when tool_calls is empty in handleToolCalls","duration":0.6387999999997191,"failureMessages":[],"meta":{}},{"ancestorTitles":["AIService"],"fullName":"AIService skips tool calls without function property","status":"passed","title":"skips tool calls without function property","duration":0.6156999999993786,"failureMessages":[],"meta":{}},{"ancestorTitles":["AIService"],"fullName":"AIService retries on retryable 500 error and succeeds","status":"passed","title":"retries on retryable 500 error and succeeds","duration":1011.7326999999996,"failureMessages":[],"meta":{}},{"ancestorTitles":["AIService"],"fullName":"AIService wraps non-retryable errors as AIError without retry","status":"passed","title":"wraps non-retryable errors as AIError without retry","duration":1.0158999999994194,"failureMessages":[],"meta":{}},{"ancestorTitles":["AIService"],"fullName":"AIService wraps non-Error thrown values as AIError","status":"passed","title":"wraps non-Error thrown values as AIError","duration":0.4941000000007989,"failureMessages":[],"meta":{}},{"ancestorTitles":["AIService"],"fullName":"AIService clearContext resets conversation messages","status":"passed","title":"clearContext resets conversation messages","duration":1.2056000000002314,"failureMessages":[],"meta":{}}],"startTime":1771737127321,"endTime":1771737128367.2056,"status":"passed","message":"","name":"C:/Users/haber/repos/Gauntlet/gai-collab-board/tests/unit/aiService.test.ts"},{"assertionResults":[{"ancestorTitles":["ai usage tracker"],"fullName":"ai usage tracker extracts usage from OpenAI-compatible response body","status":"passed","title":"extracts usage from OpenAI-compatible response body","duration":2.870400000000245,"failureMessages":[],"meta":{}},{"ancestorTitles":["ai usage tracker"],"fullName":"ai usage tracker renders unified markdown with segmented totals and charts","status":"passed","title":"renders unified markdown with segmented totals and charts","duration":22.102600000000166,"failureMessages":[],"meta":{}},{"ancestorTitles":["ai usage tracker"],"fullName":"ai usage tracker shows Estimation Quality as one sentence when all events use same method","status":"passed","title":"shows Estimation Quality as one sentence when all events use same method","duration":0.9117000000001099,"failureMessages":[],"meta":{}}],"startTime":1771737142229,"endTime":1771737142254.9116,"status":"passed","message":"","name":"C:/Users/haber/repos/Gauntlet/gai-collab-board/tests/unit/aiUsageTracker.test.ts"},{"assertionResults":[{"ancestorTitles":["alignDistribute","computeAlignUpdates"],"fullName":"alignDistribute computeAlignUpdates align left: moves all to min x","status":"passed","title":"align left: moves all to min x","duration":5.567099999999755,"failureMessages":[],"meta":{}},{"ancestorTitles":["alignDistribute","computeAlignUpdates"],"fullName":"alignDistribute computeAlignUpdates align right: moves all so right edges match","status":"passed","title":"align right: moves all so right edges match","duration":1.0007000000000517,"failureMessages":[],"meta":{}},{"ancestorTitles":["alignDistribute","computeAlignUpdates"],"fullName":"alignDistribute computeAlignUpdates align center: centers all on same vertical line","status":"passed","title":"align center: centers all on same vertical line","duration":1.1273000000001048,"failureMessages":[],"meta":{}},{"ancestorTitles":["alignDistribute","computeAlignUpdates"],"fullName":"alignDistribute computeAlignUpdates align top: moves all to min y","status":"passed","title":"align top: moves all to min y","duration":1.0142000000000735,"failureMessages":[],"meta":{}},{"ancestorTitles":["alignDistribute","computeAlignUpdates"],"fullName":"alignDistribute computeAlignUpdates align bottom: moves all so bottom edges match","status":"passed","title":"align bottom: moves all so bottom edges match","duration":1.0009000000000015,"failureMessages":[],"meta":{}},{"ancestorTitles":["alignDistribute","computeAlignUpdates"],"fullName":"alignDistribute computeAlignUpdates align middle: centers all on same horizontal line","status":"passed","title":"align middle: centers all on same horizontal line","duration":0.6320000000000618,"failureMessages":[],"meta":{}},{"ancestorTitles":["alignDistribute","computeAlignUpdates"],"fullName":"alignDistribute computeAlignUpdates returns empty array for no objects","status":"passed","title":"returns empty array for no objects","duration":0.2610999999997148,"failureMessages":[],"meta":{}},{"ancestorTitles":["alignDistribute","computeDistributeUpdates"],"fullName":"alignDistribute computeDistributeUpdates distribute horizontal: equal spacing between 3 objects","status":"passed","title":"distribute horizontal: equal spacing between 3 objects","duration":1.3856000000000677,"failureMessages":[],"meta":{}},{"ancestorTitles":["alignDistribute","computeDistributeUpdates"],"fullName":"alignDistribute computeDistributeUpdates distribute vertical: equal spacing between 3 objects","status":"passed","title":"distribute vertical: equal spacing between 3 objects","duration":1.0373999999997068,"failureMessages":[],"meta":{}},{"ancestorTitles":["alignDistribute","computeDistributeUpdates"],"fullName":"alignDistribute computeDistributeUpdates returns empty array for fewer than 3 objects","status":"passed","title":"returns empty array for fewer than 3 objects","duration":0.621900000000096,"failureMessages":[],"meta":{}},{"ancestorTitles":["alignDistribute","computeDistributeUpdates"],"fullName":"alignDistribute computeDistributeUpdates sorts by x for horizontal and by y for vertical","status":"passed","title":"sorts by x for horizontal and by y for vertical","duration":0.4544999999998254,"failureMessages":[],"meta":{}}],"startTime":1771737145578,"endTime":1771737145593.4546,"status":"passed","message":"","name":"C:/Users/haber/repos/Gauntlet/gai-collab-board/tests/unit/alignDistribute.test.ts"},{"assertionResults":[{"ancestorTitles":["alignmentEngine","buildGuideCandidates"],"fullName":"alignmentEngine buildGuideCandidates returns candidates for visible objects not being dragged","status":"passed","title":"returns candidates for visible objects not being dragged","duration":7.055000000000291,"failureMessages":[],"meta":{}},{"ancestorTitles":["alignmentEngine","buildGuideCandidates"],"fullName":"alignmentEngine buildGuideCandidates ignores missing objects","status":"passed","title":"ignores missing objects","duration":0.845299999999952,"failureMessages":[],"meta":{}},{"ancestorTitles":["alignmentEngine","onDragMove"],"fullName":"alignmentEngine onDragMove computes guides, snaps position, and calls updateGuides","status":"passed","title":"computes guides, snaps position, and calls updateGuides","duration":3.666400000000067,"failureMessages":[],"meta":{}}],"startTime":1771737149839,"endTime":1771737149850.6665,"status":"passed","message":"","name":"C:/Users/haber/repos/Gauntlet/gai-collab-board/tests/unit/alignmentEngine.test.ts"},{"assertionResults":[{"ancestorTitles":["alignmentGuides","computeAlignmentGuides"],"fullName":"alignmentGuides computeAlignmentGuides returns vertical guide when left edges align within threshold","status":"passed","title":"returns vertical guide when left edges align within threshold","duration":4.201000000000022,"failureMessages":[],"meta":{}},{"ancestorTitles":["alignmentGuides","computeAlignmentGuides"],"fullName":"alignmentGuides computeAlignmentGuides returns horizontal guide when top edges align within threshold","status":"passed","title":"returns horizontal guide when top edges align within threshold","duration":0.8114000000000487,"failureMessages":[],"meta":{}},{"ancestorTitles":["alignmentGuides","computeAlignmentGuides"],"fullName":"alignmentGuides computeAlignmentGuides returns both when centers align","status":"passed","title":"returns both when centers align","duration":0.5351999999998043,"failureMessages":[],"meta":{}},{"ancestorTitles":["alignmentGuides","computeAlignmentGuides"],"fullName":"alignmentGuides computeAlignmentGuides returns empty when no alignment within threshold","status":"passed","title":"returns empty when no alignment within threshold","duration":0.7136999999997897,"failureMessages":[],"meta":{}},{"ancestorTitles":["alignmentGuides","computeSnappedPosition"],"fullName":"alignmentGuides computeSnappedPosition snaps x to vertical guide when left edge aligns","status":"passed","title":"snaps x to vertical guide when left edge aligns","duration":0.7599999999997635,"failureMessages":[],"meta":{}},{"ancestorTitles":["alignmentGuides","computeSnappedPosition"],"fullName":"alignmentGuides computeSnappedPosition snaps y to horizontal guide when top edge aligns","status":"passed","title":"snaps y to horizontal guide when top edge aligns","duration":0.3692000000000917,"failureMessages":[],"meta":{}},{"ancestorTitles":["alignmentGuides","computeSnappedPosition"],"fullName":"alignmentGuides computeSnappedPosition returns unchanged position when no alignment","status":"passed","title":"returns unchanged position when no alignment","duration":1.3496000000000095,"failureMessages":[],"meta":{}},{"ancestorTitles":["alignmentGuides","computeSnappedPositionFromGuides"],"fullName":"alignmentGuides computeSnappedPositionFromGuides snaps by center and bottom alignment branches","status":"passed","title":"snaps by center and bottom alignment branches","duration":0.5772999999999229,"failureMessages":[],"meta":{}},{"ancestorTitles":["alignmentGuides","computeSnappedPositionFromGuides"],"fullName":"alignmentGuides computeSnappedPositionFromGuides snaps by right and bottom edges when within threshold","status":"passed","title":"snaps by right and bottom edges when within threshold","duration":0.36659999999983484,"failureMessages":[],"meta":{}},{"ancestorTitles":["alignmentGuides","performance instrumentation"],"fullName":"alignmentGuides performance instrumentation computes guides within interactive latency budget for medium object counts","status":"passed","title":"computes guides within interactive latency budget for medium object counts","duration":9.546899999999823,"failureMessages":[],"meta":{}}],"startTime":1771737143598,"endTime":1771737143617.5469,"status":"passed","message":"","name":"C:/Users/haber/repos/Gauntlet/gai-collab-board/tests/unit/alignmentGuides.test.ts"},{"assertionResults":[{"ancestorTitles":["AlignToolbar"],"fullName":"AlignToolbar renders nothing when fewer than 2 objects selected","status":"passed","title":"renders nothing when fewer than 2 objects selected","duration":69.13670000000002,"failureMessages":[],"meta":{}},{"ancestorTitles":["AlignToolbar"],"fullName":"AlignToolbar renders toolbar when 2 or more objects selected","status":"passed","title":"renders toolbar when 2 or more objects selected","duration":82.93179999999938,"failureMessages":[],"meta":{}},{"ancestorTitles":["AlignToolbar"],"fullName":"AlignToolbar does not render when canEdit is false","status":"passed","title":"does not render when canEdit is false","duration":2.716200000000754,"failureMessages":[],"meta":{}},{"ancestorTitles":["AlignToolbar"],"fullName":"AlignToolbar calls onObjectUpdate with align left positions when align left clicked","status":"passed","title":"calls onObjectUpdate with align left positions when align left clicked","duration":25.023599999999533,"failureMessages":[],"meta":{}},{"ancestorTitles":["AlignToolbar"],"fullName":"AlignToolbar calls onObjectUpdate with align top positions when align top clicked","status":"passed","title":"calls onObjectUpdate with align top positions when align top clicked","duration":17.003600000000006,"failureMessages":[],"meta":{}},{"ancestorTitles":["AlignToolbar"],"fullName":"AlignToolbar distribute buttons are disabled when only 2 selected","status":"passed","title":"distribute buttons are disabled when only 2 selected","duration":34.84770000000026,"failureMessages":[],"meta":{}},{"ancestorTitles":["AlignToolbar"],"fullName":"AlignToolbar calls onObjectUpdate for distribute when 3 objects selected","status":"passed","title":"calls onObjectUpdate for distribute when 3 objects selected","duration":13.730500000000575,"failureMessages":[],"meta":{}}],"startTime":1771737132794,"endTime":1771737133039.7305,"status":"passed","message":"","name":"C:/Users/haber/repos/Gauntlet/gai-collab-board/tests/unit/AlignToolbar.test.tsx"},{"assertionResults":[{"ancestorTitles":["App auth routing"],"fullName":"App auth routing shows loading spinner when loading is true","status":"passed","title":"shows loading spinner when loading is true","duration":65.58480000000054,"failureMessages":[],"meta":{}},{"ancestorTitles":["App auth routing"],"fullName":"App auth routing renders WelcomePage at / when user is null","status":"passed","title":"renders WelcomePage at / when user is null","duration":55.390699999999924,"failureMessages":[],"meta":{}},{"ancestorTitles":["App auth routing"],"fullName":"App auth routing renders AuthPage at /login when user is null","status":"passed","title":"renders AuthPage at /login when user is null","duration":313.3668999999991,"failureMessages":[],"meta":{}}],"startTime":1771737130845,"endTime":1771737131279.367,"status":"passed","message":"","name":"C:/Users/haber/repos/Gauntlet/gai-collab-board/tests/unit/App.authRouting.test.tsx"},{"assertionResults":[{"ancestorTitles":["getActiveBoardId - active board resolution"],"fullName":"getActiveBoardId - active board resolution returns last-visited owned board first","status":"passed","title":"returns last-visited owned board first","duration":2.233900000000176,"failureMessages":[],"meta":{}},{"ancestorTitles":["getActiveBoardId - active board resolution"],"fullName":"getActiveBoardId - active board resolution returns a non-owned recent board when no owned boards are recent","status":"passed","title":"returns a non-owned recent board when no owned boards are recent","duration":0.4898000000002867,"failureMessages":[],"meta":{}},{"ancestorTitles":["getActiveBoardId - active board resolution"],"fullName":"getActiveBoardId - active board resolution falls back to first owned board when recent list is empty","status":"passed","title":"falls back to first owned board when recent list is empty","duration":0.33259999999972933,"failureMessages":[],"meta":{}},{"ancestorTitles":["getActiveBoardId - active board resolution"],"fullName":"getActiveBoardId - active board resolution returns null when user has no boards at all","status":"passed","title":"returns null when user has no boards at all","duration":0.7957999999998719,"failureMessages":[],"meta":{}},{"ancestorTitles":["getActiveBoardId - active board resolution"],"fullName":"getActiveBoardId - active board resolution ignores stale/deleted ids in recent list","status":"passed","title":"ignores stale/deleted ids in recent list","duration":0.3806000000004133,"failureMessages":[],"meta":{}},{"ancestorTitles":["Leave board navigation"],"fullName":"Leave board navigation navigate to / after leaving a board","status":"passed","title":"navigate to / after leaving a board","duration":84.20289999999932,"failureMessages":[],"meta":{}},{"ancestorTitles":["No hardcoded default board ID"],"fullName":"No hardcoded default board ID getActiveBoardId does not return any hardcoded default board id","status":"passed","title":"getActiveBoardId does not return any hardcoded default board id","duration":0.35900000000037835,"failureMessages":[],"meta":{}},{"ancestorTitles":["No hardcoded default board ID"],"fullName":"No hardcoded default board ID active board resolution never returns a string literal \"dev-board-001\" or similar","status":"passed","title":"active board resolution never returns a string literal \"dev-board-001\" or similar","duration":1.675000000000182,"failureMessages":[],"meta":{}}],"startTime":1771737137495,"endTime":1771737137585.675,"status":"passed","message":"","name":"C:/Users/haber/repos/Gauntlet/gai-collab-board/tests/unit/App.boardRouting.test.tsx"},{"assertionResults":[{"ancestorTitles":["Right panel collapse"],"fullName":"Right panel collapse renders sidebar expanded by default and collapse button is visible","status":"passed","title":"renders sidebar expanded by default and collapse button is visible","duration":429.96570000000065,"failureMessages":[],"meta":{}},{"ancestorTitles":["Right panel collapse"],"fullName":"Right panel collapse collapses to icon rail when collapse is clicked","status":"passed","title":"collapses to icon rail when collapse is clicked","duration":58.191100000000006,"failureMessages":[],"meta":{}},{"ancestorTitles":["Right panel collapse"],"fullName":"Right panel collapse expands panel when expand is clicked from collapsed rail","status":"passed","title":"expands panel when expand is clicked from collapsed rail","duration":113.8723,"failureMessages":[],"meta":{}},{"ancestorTitles":["Right panel collapse"],"fullName":"Right panel collapse rail tab click expands panel and shows that tab content","status":"passed","title":"rail tab click expands panel and shows that tab content","duration":90.26379999999972,"failureMessages":[],"meta":{}},{"ancestorTitles":["Right panel collapse"],"fullName":"Right panel collapse when initially collapsed, rail is visible and expand shows full panel","status":"passed","title":"when initially collapsed, rail is visible and expand shows full panel","duration":9.850999999999658,"failureMessages":[],"meta":{}}],"startTime":1771737127661,"endTime":1771737128363.851,"status":"passed","message":"","name":"C:/Users/haber/repos/Gauntlet/gai-collab-
[...]
lIdleCallback","status":"passed","title":"uses requestIdleCallback when available and cleans up with cancelIdleCallback","duration":35.70460000000003,"failureMessages":[],"meta":{}},{"ancestorTitles":["useSidebarPrefetch"],"fullName":"useSidebarPrefetch uses setTimeout when requestIdleCallback is not available","status":"passed","title":"uses setTimeout when requestIdleCallback is not available","duration":16.17370000000028,"failureMessages":[],"meta":{}}],"startTime":1771737141265,"endTime":1771737141317.1736,"status":"passed","message":"","name":"C:/Users/haber/repos/Gauntlet/gai-collab-board/tests/unit/useSidebarPrefetch.test.ts"},{"assertionResults":[{"ancestorTitles":["useTheme"],"fullName":"useTheme applies light theme by default and document has no dark class","status":"passed","title":"applies light theme by default and document has no dark class","duration":29.45089999999982,"failureMessages":[],"meta":{}},{"ancestorTitles":["useTheme"],"fullName":"useTheme toggleTheme switches to dark and adds dark class to document","status":"passed","title":"toggleTheme switches to dark and adds dark class to document","duration":7.693500000000313,"failureMessages":[],"meta":{}},{"ancestorTitles":["useTheme"],"fullName":"useTheme toggleTheme switches back to light and removes dark class","status":"passed","title":"toggleTheme switches back to light and removes dark class","duration":17.732500000000073,"failureMessages":[],"meta":{}},{"ancestorTitles":["useTheme"],"fullName":"useTheme persists theme to localStorage when theme changes","status":"passed","title":"persists theme to localStorage when theme changes","duration":26.308799999999792,"failureMessages":[],"meta":{}},{"ancestorTitles":["useTheme"],"fullName":"useTheme setTheme updates theme and document class","status":"passed","title":"setTheme updates theme and document class","duration":10.573700000000827,"failureMessages":[],"meta":{}},{"ancestorTitles":["useTheme"],"fullName":"useTheme falls back to light when localStorage has invalid or unknown value","status":"passed","title":"falls back to light when localStorage has invalid or unknown value","duration":4.764600000000428,"failureMessages":[],"meta":{}},{"ancestorTitles":["useTheme"],"fullName":"useTheme falls back to light when localStorage has non-theme value","status":"passed","title":"falls back to light when localStorage has non-theme value","duration":5.137200000000121,"failureMessages":[],"meta":{}},{"ancestorTitles":["useTheme"],"fullName":"useTheme applies stored dark theme at initialization so manual preference wins over default","status":"passed","title":"applies stored dark theme at initialization so manual preference wins over default","duration":2.9558999999999287,"failureMessages":[],"meta":{}},{"ancestorTitles":["useTheme"],"fullName":"useTheme app theme overrides browser prefers-color-scheme when stored preference exists","status":"passed","title":"app theme overrides browser prefers-color-scheme when stored preference exists","duration":2.9872999999997774,"failureMessages":[],"meta":{}}],"startTime":1771737137579,"endTime":1771737137686.9873,"status":"passed","message":"","name":"C:/Users/haber/repos/Gauntlet/gai-collab-board/tests/unit/useTheme.test.ts"},{"assertionResults":[{"ancestorTitles":["useViewportActions","handleZoomToSelection"],"fullName":"useViewportActions handleZoomToSelection zooms to selection bounds when bounds exist","status":"passed","title":"zooms to selection bounds when bounds exist","duration":35.78640000000087,"failureMessages":[],"meta":{}},{"ancestorTitles":["useViewportActions","handleZoomToSelection"],"fullName":"useViewportActions handleZoomToSelection does nothing when no selection bounds","status":"passed","title":"does nothing when no selection bounds","duration":4.226599999999962,"failureMessages":[],"meta":{}},{"ancestorTitles":["useViewportActions","handleZoomToFitAll"],"fullName":"useViewportActions handleZoomToFitAll zooms to board bounds when objects exist","status":"passed","title":"zooms to board bounds when objects exist","duration":52.3123999999998,"failureMessages":[],"meta":{}},{"ancestorTitles":["useViewportActions","handleZoomToFitAll"],"fullName":"useViewportActions handleZoomToFitAll resets viewport when board is empty","status":"passed","title":"resets viewport when board is empty","duration":3.128600000000006,"failureMessages":[],"meta":{}},{"ancestorTitles":["useViewportActions","handleZoomPreset"],"fullName":"useViewportActions handleZoomPreset calls zoomTo with the given scale","status":"passed","title":"calls zoomTo with the given scale","duration":4.69839999999931,"failureMessages":[],"meta":{}},{"ancestorTitles":["useViewportActions","handleSetZoomLevel"],"fullName":"useViewportActions handleSetZoomLevel converts percent to scale and zooms","status":"passed","title":"converts percent to scale and zooms","duration":2.5870999999997366,"failureMessages":[],"meta":{}},{"ancestorTitles":["useViewportActions","handleZoomToObjectIds"],"fullName":"useViewportActions handleZoomToObjectIds zooms to bounds of specified object IDs","status":"passed","title":"zooms to bounds of specified object IDs","duration":2.893000000000029,"failureMessages":[],"meta":{}},{"ancestorTitles":["useViewportActions","handleZoomToObjectIds"],"fullName":"useViewportActions handleZoomToObjectIds does nothing when no bounds for given IDs","status":"passed","title":"does nothing when no bounds for given IDs","duration":1.9544999999998254,"failureMessages":[],"meta":{}},{"ancestorTitles":["useViewportActions","handleExportViewport"],"fullName":"useViewportActions handleExportViewport exports viewport as png by default","status":"passed","title":"exports viewport as png by default","duration":2.285899999999856,"failureMessages":[],"meta":{}},{"ancestorTitles":["useViewportActions","handleExportViewport"],"fullName":"useViewportActions handleExportViewport exports viewport with specified format","status":"passed","title":"exports viewport with specified format","duration":2.608400000000074,"failureMessages":[],"meta":{}},{"ancestorTitles":["useViewportActions","handleExportFullBoard"],"fullName":"useViewportActions handleExportFullBoard exports full board as png by default","status":"passed","title":"exports full board as png by default","duration":1.73700000000008,"failureMessages":[],"meta":{}},{"ancestorTitles":["useViewportActions","handleExportFullBoard"],"fullName":"useViewportActions handleExportFullBoard exports full board with specified format","status":"passed","title":"exports full board with specified format","duration":1.6827999999995882,"failureMessages":[],"meta":{}},{"ancestorTitles":["useViewportActions","viewport actions store sync"],"fullName":"useViewportActions viewport actions store sync syncs actions to global store on mount","status":"passed","title":"syncs actions to global store on mount","duration":1.7406000000000859,"failureMessages":[],"meta":{}},{"ancestorTitles":["useViewportActions","viewport actions store sync"],"fullName":"useViewportActions viewport actions store sync clears store on unmount","status":"passed","title":"clears store on unmount","duration":1.4697999999998501,"failureMessages":[],"meta":{}}],"startTime":1771737136890,"endTime":1771737137010.4697,"status":"passed","message":"","name":"C:/Users/haber/repos/Gauntlet/gai-collab-board/tests/unit/useViewportActions.test.ts"},{"assertionResults":[{"ancestorTitles":["utils","cn"],"fullName":"utils cn merges class names","status":"passed","title":"merges class names","duration":12.059999999999945,"failureMessages":[],"meta":{}},{"ancestorTitles":["utils","cn"],"fullName":"utils cn handles conditional classes","status":"passed","title":"handles conditional classes","duration":0.49860000000035143,"failureMessages":[],"meta":{}},{"ancestorTitles":["utils","cn"],"fullName":"utils cn merges tailwind conflicts","status":"passed","title":"merges tailwind conflicts","duration":1.2789999999999964,"failureMessages":[],"meta":{}},{"ancestorTitles":["utils","generateId"],"fullName":"utils generateId generates a string of default length 21","status":"passed","title":"generates a string of default length 21","duration":2.5239000000001397,"failureMessages":[],"meta":{}},{"ancestorTitles":["utils","generateId"],"fullName":"utils generateId generates a string of specified length","status":"passed","title":"generates a string of specified length","duration":0.5088000000000648,"failureMessages":[],"meta":{}},{"ancestorTitles":["utils","generateId"],"fullName":"utils generateId generates unique IDs","status":"passed","title":"generates unique IDs","duration":0.9686999999998989,"failureMessages":[],"meta":{}},{"ancestorTitles":["utils","generateId"],"fullName":"utils generateId only contains alphanumeric characters","status":"passed","title":"only contains alphanumeric characters","duration":0.6463000000003376,"failureMessages":[],"meta":{}}],"startTime":1771737145302,"endTime":1771737145320.6462,"status":"passed","message":"","name":"C:/Users/haber/repos/Gauntlet/gai-collab-board/tests/unit/utils.test.ts"},{"assertionResults":[{"ancestorTitles":["Visual Stability — Layer Partition Invariants"],"fullName":"Visual Stability — Layer Partition Invariants every visible ID appears in exactly one of [staticIds, activeIds]","status":"passed","title":"every visible ID appears in exactly one of [staticIds, activeIds]","duration":13.470499999999902,"failureMessages":[],"meta":{}},{"ancestorTitles":["Visual Stability — Layer Partition Invariants"],"fullName":"Visual Stability — Layer Partition Invariants selection change moves shape between layers without gap","status":"passed","title":"selection change moves shape between layers without gap","duration":2.853900000000067,"failureMessages":[],"meta":{}},{"ancestorTitles":["Visual Stability — Layer Partition Invariants"],"fullName":"Visual Stability — Layer Partition Invariants spatial index drag exemption: shape stays visible while dragged offscreen","status":"passed","title":"spatial index drag exemption: shape stays visible while dragged offscreen","duration":2.2426000000000386,"failureMessages":[],"meta":{}},{"ancestorTitles":["Visual Stability — Layer Partition Invariants"],"fullName":"Visual Stability — Layer Partition Invariants frame reparenting keeps child visible in spatial index","status":"passed","title":"frame reparenting keeps child visible in spatial index","duration":0.7032000000003791,"failureMessages":[],"meta":{}},{"ancestorTitles":["Visual Stability — Layer Partition Invariants"],"fullName":"Visual Stability — Layer Partition Invariants draggingFrameId switch: correct children move between layers","status":"passed","title":"draggingFrameId switch: correct children move between layers","duration":2.151800000000094,"failureMessages":[],"meta":{}}],"startTime":1771737144975,"endTime":1771737144996.1519,"status":"passed","message":"","name":"C:/Users/haber/repos/Gauntlet/gai-collab-board/tests/unit/visualStability.test.ts"},{"assertionResults":[{"ancestorTitles":["Wave 4 Performance — Re-render Reduction"],"fullName":"Wave 4 Performance — Re-render Reduction PropertyInspector does NOT re-render when an unselected object changes","status":"passed","title":"PropertyInspector does NOT re-render when an unselected object changes","duration":121.8170999999993,"failureMessages":[],"meta":{}},{"ancestorTitles":["Wave 4 Performance — Re-render Reduction"],"fullName":"Wave 4 Performance — Re-render Reduction PropertyInspector does NOT re-render when a new object is added (not selected)","status":"passed","title":"PropertyInspector does NOT re-render when a new object is added (not selected)","duration":16.944799999999304,"failureMessages":[],"meta":{}},{"ancestorTitles":["Wave 4 Performance — Re-render Reduction"],"fullName":"Wave 4 Performance — Re-render Reduction AIChatPanel hasBoardObjects selector only transitions on empty↔non-empty","status":"passed","title":"AIChatPanel hasBoardObjects selector only transitions on empty↔non-empty","duration":2.0421000000005733,"failureMessages":[],"meta":{}},{"ancestorTitles":["Wave 4 Performance — Re-render Reduction"],"fullName":"Wave 4 Performance — Re-render Reduction usePresence primitive extraction: same values = same dependency identity","status":"passed","title":"usePresence primitive extraction: same values = same dependency identity","duration":2.0770000000002256,"failureMessages":[],"meta":{}},{"ancestorTitles":["Wave 4 Performance — Re-render Reduction"],"fullName":"Wave 4 Performance — Re-render Reduction PropertyInspector stays stable during 50 rapid mutations to unselected objects","status":"passed","title":"PropertyInspector stays stable during 50 rapid mutations to unselected objects","duration":17.430099999999584,"failureMessages":[],"meta":{}},{"ancestorTitles":["Re-Render Audit — Drag Interactions"],"fullName":"Re-Render Audit — Drag Interactions multi-select drag: only selected subscribers trigger per frame (10 of 200)","status":"passed","title":"multi-select drag: only selected subscribers trigger per frame (10 of 200)","duration":3.6297999999997046,"failureMessages":[],"meta":{}},{"ancestorTitles":["Re-Render Audit — Drag Interactions"],"fullName":"Re-Render Audit — Drag Interactions frame drag: only frame children trigger per frame (20 children of 200)","status":"passed","title":"frame drag: only frame children trigger per frame (20 children of 200)","duration":4.05869999999959,"failureMessages":[],"meta":{}},{"ancestorTitles":["Re-Render Audit — Drag Interactions"],"fullName":"Re-Render Audit — Drag Interactions marquee move: 0 objectsStore subscriber triggers during rect updates","status":"passed","title":"marquee move: 0 objectsStore subscriber triggers during rect updates","duration":2.0734999999995125,"failureMessages":[],"meta":{}},{"ancestorTitles":["Re-Render Audit — Drag Interactions"],"fullName":"Re-Render Audit — Drag Interactions marquee release: selection change triggers exactly N isSelected transitions","status":"passed","title":"marquee release: selection change triggers exactly N isSelected transitions","duration":3.53190000000086,"failureMessages":[],"meta":{}}],"startTime":1771737132802,"endTime":1771737132976.532,"status":"passed","message":"","name":"C:/Users/haber/repos/Gauntlet/gai-collab-board/tests/unit/wave4Performance.test.tsx"},{"assertionResults":[{"ancestorTitles":["WelcomePage"],"fullName":"WelcomePage renders with welcome-page test id","status":"passed","title":"renders with welcome-page test id","duration":116.22469999999976,"failureMessages":[],"meta":{}},{"ancestorTitles":["WelcomePage"],"fullName":"WelcomePage renders CollabBoard title in nav","status":"passed","title":"renders CollabBoard title in nav","duration":32.57540000000063,"failureMessages":[],"meta":{}},{"ancestorTitles":["WelcomePage"],"fullName":"WelcomePage renders hero heading","status":"passed","title":"renders hero heading","duration":26.71849999999995,"failureMessages":[],"meta":{}},{"ancestorTitles":["WelcomePage"],"fullName":"WelcomePage renders nav login link to /login","status":"passed","title":"renders nav login link to /login","duration":22.234800000000178,"failureMessages":[],"meta":{}},{"ancestorTitles":["WelcomePage"],"fullName":"WelcomePage renders nav signup link to /login?tab=signup","status":"passed","title":"renders nav signup link to /login?tab=signup","duration":63.54579999999987,"failureMessages":[],"meta":{}},{"ancestorTitles":["WelcomePage"],"fullName":"WelcomePage renders guest board CTA linking to guest board","status":"passed","title":"renders guest board CTA linking to guest board","duration":15.214399999999841,"failureMessages":[],"meta":{}},{"ancestorTitles":["WelcomePage"],"fullName":"WelcomePage renders welcome signup CTA linking to /login?tab=signup","status":"passed","title":"renders welcome signup CTA linking to /login?tab=signup","duration":17.086499999999432,"failureMessages":[],"meta":{}},{"ancestorTitles":["WelcomePage"],"fullName":"WelcomePage renders welcome login CTA linking to /login","status":"passed","title":"renders welcome login CTA linking to /login","duration":15.948599999999715,"failureMessages":[],"meta":{}},{"ancestorTitles":["WelcomePage"],"fullName":"WelcomePage renders feature cards","status":"passed","title":"renders feature cards","duration":91.04890000000069,"failureMessages":[],"meta":{}},{"ancestorTitles":["WelcomePage"],"fullName":"WelcomePage renders how it works steps","status":"passed","title":"renders how it works steps","duration":53.73829999999998,"failureMessages":[],"meta":{}},{"ancestorTitles":["WelcomePage"],"fullName":"WelcomePage renders footer login and signup links","status":"passed","title":"renders footer login and signup links","duration":14.378099999999904,"failureMessages":[],"meta":{}}],"startTime":1771737127611,"endTime":1771737128080.3782,"status":"passed","message":"","name":"C:/Users/haber/repos/Gauntlet/gai-collab-board/tests/unit/WelcomePage.test.tsx"},{"assertionResults":[{"ancestorTitles":["writeQueue"],"fullName":"writeQueue queues a write and flushes after debounce","status":"passed","title":"queues a write and flushes after debounce","duration":13.983499999999822,"failureMessages":[],"meta":{}},{"ancestorTitles":["writeQueue"],"fullName":"writeQueue coalesces multiple writes for the same object","status":"passed","title":"coalesces multiple writes for the same object","duration":7.745200000000295,"failureMessages":[],"meta":{}},{"ancestorTitles":["writeQueue"],"fullName":"writeQueue batches writes for different objects","status":"passed","title":"batches writes for different objects","duration":4.704999999999927,"failureMessages":[],"meta":{}},{"ancestorTitles":["writeQueue"],"fullName":"writeQueue flush() sends immediately without waiting for debounce","status":"passed","title":"flush() sends immediately without waiting for debounce","duration":1.48700000000008,"failureMessages":[],"meta":{}},{"ancestorTitles":["writeQueue"],"fullName":"writeQueue does nothing when no board is set","status":"passed","title":"does nothing when no board is set","duration":1.251800000000003,"failureMessages":[],"meta":{}},{"ancestorTitles":["writeQueue"],"fullName":"writeQueue does nothing when no repo is initialized","status":"passed","title":"does nothing when no repo is initialized","duration":1.0289000000002488,"failureMessages":[],"meta":{}},{"ancestorTitles":["writeQueue"],"fullName":"writeQueue re-queues on failure and retries","status":"passed","title":"re-queues on failure and retries","duration":7.145799999999326,"failureMessages":[],"meta":{}},{"ancestorTitles":["writeQueue"],"fullName":"writeQueue getWriteQueueStats returns correct stats","status":"passed","title":"getWriteQueueStats returns correct stats","duration":1.307400000000598,"failureMessages":[],"meta":{}},{"ancestorTitles":["writeQueue"],"fullName":"writeQueue flushes pending writes when switching boards","status":"passed","title":"flushes pending writes when switching boards","duration":1.7925999999997657,"failureMessages":[],"meta":{}},{"ancestorTitles":["queueObjectUpdate"],"fullName":"queueObjectUpdate atomically updates Zustand store and enqueues write","status":"passed","title":"atomically updates Zustand store and enqueues write","duration":3.277200000000448,"failureMessages":[],"meta":{}},{"ancestorTitles":["queueObjectUpdate"],"fullName":"queueObjectUpdate queued write flushes to repo after debounce","status":"passed","title":"queued write flushes to repo after debounce","duration":2.6797999999998865,"failureMessages":[],"meta":{}},{"ancestorTitles":["queueObjectUpdate"],"fullName":"queueObjectUpdate coalesces multiple queueObjectUpdate calls","status":"passed","title":"coalesces multiple queueObjectUpdate calls","duration":1.8575000000000728,"failureMessages":[],"meta":{}}],"startTime":1771737139635,"endTime":1771737139684.8574,"status":"passed","message":"","name":"C:/Users/haber/repos/Gauntlet/gai-collab-board/tests/unit/writeQueue.test.ts"}]}